c:\users\mega-pc2\source\repos\graphics\graphics\debug\graphics.pch
c:\users\mega-pc2\source\repos\graphics\graphics\debug\vc141.pdb
c:\users\mega-pc2\source\repos\graphics\graphics\debug\vc141.idb
c:\users\mega-pc2\source\repos\graphics\graphics\debug\stdafx.obj
c:\users\mega-pc2\source\repos\graphics\graphics\debug\graphics.obj
c:\users\mega-pc2\source\repos\graphics\debug\graphics.exe
c:\users\mega-pc2\source\repos\graphics\debug\graphics.ilk
c:\users\mega-pc2\source\repos\graphics\debug\graphics.pdb
c:\users\mega-pc2\source\repos\graphics\graphics\debug\graphics.res
c:\users\mega-pc2\source\repos\graphics\graphics\debug\nativecodeanalysis.read.1.tlog
c:\users\mega-pc2\source\repos\graphics\graphics\debug\graphics.nativecodeanalysis.xml
c:\users\mega-pc2\source\repos\graphics\graphics\debug\stdafx.nativecodeanalysis.xml
c:\users\mega-pc2\source\repos\graphics\graphics\debug\vc.nativecodeanalysis.all.xml
c:\users\mega-pc2\source\repos\graphics\debug\graphics.exe.lastcodeanalysissucceeded
c:\users\mega-pc2\source\repos\graphics\graphics\debug\graphics.tlog\cl.command.1.tlog
c:\users\mega-pc2\source\repos\graphics\graphics\debug\graphics.tlog\cl.read.1.tlog
c:\users\mega-pc2\source\repos\graphics\graphics\debug\graphics.tlog\cl.write.1.tlog
c:\users\mega-pc2\source\repos\graphics\graphics\debug\graphics.tlog\link.command.1.tlog
c:\users\mega-pc2\source\repos\graphics\graphics\debug\graphics.tlog\link.read.1.tlog
c:\users\mega-pc2\source\repos\graphics\graphics\debug\graphics.tlog\link.write.1.tlog
c:\users\mega-pc2\source\repos\graphics\graphics\debug\graphics.tlog\rc.command.1.tlog
c:\users\mega-pc2\source\repos\graphics\graphics\debug\graphics.tlog\rc.read.1.tlog
c:\users\mega-pc2\source\repos\graphics\graphics\debug\graphics.tlog\rc.write.1.tlog
